Connecting to database specified by database.yml


Started GET "/" for 127.0.0.1 at 2012-07-06 15:20:38 +0530

Mysql2::Error (Unknown database 'barnes_syp_production'):
  mysql2-0.3.11-x86 (mingw32) lib/mysql2/client.rb:44:in `connect'
  mysql2-0.3.11-x86 (mingw32) lib/mysql2/client.rb:44:in `initialize'
  activerecord (3.2.6) lib/active_record/connection_adapters/mysql2_adapter.rb:16:in `new'
  activerecord (3.2.6) lib/active_record/connection_adapters/mysql2_adapter.rb:16:in `mysql2_connection'
  activerecord (3.2.6) lib/active_record/connection_adapters/abstract/connection_pool.rb:309:in `new_connection'
  activerecord (3.2.6) lib/active_record/connection_adapters/abstract/connection_pool.rb:319:in `checkout_new_connection'
  activerecord (3.2.6) lib/active_record/connection_adapters/abstract/connection_pool.rb:241:in `block (2 levels) in checkout'
  activerecord (3.2.6) lib/active_record/connection_adapters/abstract/connection_pool.rb:236:in `loop'
  activerecord (3.2.6) lib/active_record/connection_adapters/abstract/connection_pool.rb:236:in `block in checkout'
  C:/Ruby192/lib/ruby/1.9.1/monitor.rb:201:in `mon_synchronize'
  activerecord (3.2.6) lib/active_record/connection_adapters/abstract/connection_pool.rb:233:in `checkout'
  activerecord (3.2.6) lib/active_record/connection_adapters/abstract/connection_pool.rb:96:in `block in connection'
  C:/Ruby192/lib/ruby/1.9.1/monitor.rb:201:in `mon_synchronize'
  activerecord (3.2.6) lib/active_record/connection_adapters/abstract/connection_pool.rb:95:in `connection'
  activerecord (3.2.6) lib/active_record/connection_adapters/abstract/connection_pool.rb:404:in `retrieve_connection'
  activerecord (3.2.6) lib/active_record/connection_adapters/abstract/connection_specification.rb:168:in `retrieve_connection'
  activerecord (3.2.6) lib/active_record/connection_adapters/abstract/connection_specification.rb:142:in `connection'
  activerecord (3.2.6) lib/active_record/query_cache.rb:67:in `rescue in call'
  activerecord (3.2.6) lib/active_record/query_cache.rb:61:in `call'
  activerecord (3.2.6) lib/active_record/connection_adapters/abstract/connection_pool.rb:473:in `call'
  actionpack (3.2.6) lib/action_dispatch/middleware/callbacks.rb:28:in `block in call'
  activesupport (3.2.6) lib/active_support/callbacks.rb:405:in `_run__123577307__call__791224820__callbacks'
  activesupport (3.2.6) lib/active_support/callbacks.rb:405:in `__run_callback'
  activesupport (3.2.6) lib/active_support/callbacks.rb:385:in `_run_call_callbacks'
  activesupport (3.2.6) lib/active_support/callbacks.rb:81:in `run_callbacks'
  actionpack (3.2.6) lib/action_dispatch/middleware/callbacks.rb:27:in `call'
  actionpack (3.2.6) lib/action_dispatch/middleware/remote_ip.rb:31:in `call'
  actionpack (3.2.6) lib/action_dispatch/middleware/debug_exceptions.rb:16:in `call'
  actionpack (3.2.6) lib/action_dispatch/middleware/show_exceptions.rb:56:in `call'
  railties (3.2.6) lib/rails/rack/logger.rb:26:in `call_app'
  railties (3.2.6) lib/rails/rack/logger.rb:16:in `call'
  actionpack (3.2.6) lib/action_dispatch/middleware/request_id.rb:22:in `call'
  rack (1.4.1) lib/rack/methodoverride.rb:21:in `call'
  rack (1.4.1) lib/rack/runtime.rb:17:in `call'
  activesupport (3.2.6) lib/active_support/cache/strategy/local_cache.rb:72:in `call'
  rack (1.4.1) lib/rack/lock.rb:15:in `call'
  rack-cache (1.2) lib/rack/cache/context.rb:136:in `forward'
  rack-cache (1.2) lib/rack/cache/context.rb:245:in `fetch'
  rack-cache (1.2) lib/rack/cache/context.rb:185:in `lookup'
  rack-cache (1.2) lib/rack/cache/context.rb:66:in `call!'
  rack-cache (1.2) lib/rack/cache/context.rb:51:in `call'
  railties (3.2.6) lib/rails/engine.rb:479:in `call'
  railties (3.2.6) lib/rails/application.rb:220:in `call'
  rack (1.4.1) lib/rack/content_length.rb:14:in `call'
  railties (3.2.6) lib/rails/rack/log_tailer.rb:17:in `call'
  rack (1.4.1) lib/rack/handler/webrick.rb:59:in `service'
  C:/Ruby192/lib/ruby/1.9.1/webrick/httpserver.rb:111:in `service'
  C:/Ruby192/lib/ruby/1.9.1/webrick/httpserver.rb:70:in `run'
  C:/Ruby192/lib/ruby/1.9.1/webrick/server.rb:183:in `block in start_thread'


Connecting to database specified by database.yml


Started GET "/" for 127.0.0.1 at 2012-07-06 15:21:52 +0530
Processing by HomeController#index as HTML
  Rendered home/index.html.erb within layouts/application (203.1ms)
Completed 500 Internal Server Error in 1016ms

ActionView::Template::Error (reset.css isn't precompiled):
    6:     <link rel="icon"  type="image/png" href="/assets/favicon.ico" />
    7:     <link rel="shortcut icon" href="/assets/favicon.ico" type="image/x-icon">
    8: 
    9:     <%= stylesheet_link_tag "reset", "global", "notification", "jquery.lightbox-0.5" %>
    10:     <%= javascript_include_tag "application", "common" %>
    11:     <%= javascript_include_tag "jquery-1.7.2.min", "jquery.lightbox-0.5.min" %>
    12:     <%= javascript_include_tag "jquery.bar", "jcarousellite_1.0.1c4" %>
  app/views/layouts/application.html.erb:9:in `_app_views_layouts_application_html_erb___908966487_21325008'


Connecting to database specified by database.yml


Started GET "/" for 127.0.0.1 at 2012-07-06 15:24:26 +0530
Processing by HomeController#index as HTML
  Rendered home/index.html.erb within layouts/application (156.2ms)
Compiled reset.css  (0ms)  (pid 2416)
Compiled global.css  (0ms)  (pid 2416)
Compiled notification.css  (0ms)  (pid 2416)
Compiled jquery.lightbox-0.5.css  (0ms)  (pid 2416)
Compiled jquery.js  (15ms)  (pid 2416)
Compiled jquery_ujs.js  (0ms)  (pid 2416)
Compiled common.js  (0ms)  (pid 2416)
Compiled global.js  (0ms)  (pid 2416)
Compiled highcharts.js  (15ms)  (pid 2416)
Compiled home.js  (1781ms)  (pid 2416)
Compiled jcarousellite_1.0.1c4.js  (0ms)  (pid 2416)
Compiled jquery-1.7.2.min.js  (15ms)  (pid 2416)
Compiled jquery.bar.js  (0ms)  (pid 2416)
Compiled jquery.lightbox-0.5.min.js  (0ms)  (pid 2416)
Compiled jscolor/jscolor.js  (0ms)  (pid 2416)
Compiled lightbox.js  (0ms)  (pid 2416)
Compiled products.js  (218ms)  (pid 2416)
Compiled scriptaculous.js  (0ms)  (pid 2416)
Compiled users.js  (218ms)  (pid 2416)
Compiled application.js  (4515ms)  (pid 2416)
Completed 500 Internal Server Error in 218672ms

ActionView::Template::Error (䍞
  (in C:/RailsDev/Rails3Apps/barnes_syp/app/assets/javascripts/application.js)):
    7:     <link rel="shortcut icon" href="/assets/favicon.ico" type="image/x-icon">
    8: 
    9:     <%= stylesheet_link_tag "reset", "global", "notification", "jquery.lightbox-0.5" %>
    10:     <%= javascript_include_tag "application", "common" %>
    11:     <%= javascript_include_tag "jquery-1.7.2.min", "jquery.lightbox-0.5.min" %>
    12:     <%= javascript_include_tag "jquery.bar", "jcarousellite_1.0.1c4" %>
    13: 
  app/views/layouts/application.html.erb:10:in `_app_views_layouts_application_html_erb__600286363_21039360'


